# JRE version: OpenJDK Runtime Environment (8.0_212-b04) (build 1.8.0_212-release-1586-b04)
# Java VM: OpenJDK 64-Bit Server VM (25.212-b04 mixed mode windows-amd64 compressed oops)
Heap:
 PSYoungGen      total 397312K, used 172453K [0x00000000e0000000, 0x0000000100000000, 0x0000000100000000)
  eden space 308224K, 39% used [0x00000000e0000000,0x00000000e75e6aa0,0x00000000f2d00000)
  from space 89088K, 58% used [0x00000000f8680000,0x00000000fb9029e8,0x00000000fdd80000)
  to   space 91648K, 0% used [0x00000000f2d00000,0x00000000f2d00000,0x00000000f8680000)
 ParOldGen       total 270336K, used 150251K [0x00000000a0000000, 0x00000000b0800000, 0x00000000e0000000)
  object space 270336K, 55% used [0x00000000a0000000,0x00000000a92bae60,0x00000000b0800000)
 Metaspace       used 145958K, capacity 154293K, committed 154328K, reserved 1183744K
  class space    used 17991K, capacity 19384K, committed 19416K, reserved 1048576K
GC Heap History (10 events):
Event: 17335.688 GC heap before
{Heap before GC invocations=118 (full 8):
 PSYoungGen      total 413696K, used 316704K [0x00000000e0000000, 0x0000000100000000, 0x0000000100000000)
  eden space 303104K, 100% used [0x00000000e0000000,0x00000000f2800000,0x00000000f2800000)
  from space 110592K, 12% used [0x00000000f2800000,0x00000000f3548030,0x00000000f9400000)
  to   space 107008K, 0% used [0x00000000f9780000,0x00000000f9780000,0x0000000100000000)
 ParOldGen       total 270336K, used 124615K [0x00000000a0000000, 0x00000000b0800000, 0x00000000e0000000)
  object space 270336K, 46% used [0x00000000a0000000,0x00000000a79b1e98,0x00000000b0800000)
 Metaspace       used 145170K, capacity 153401K, committed 153560K, reserved 1183744K
  class space    used 17988K, capacity 19382K, committed 19416K, reserved 1048576K
Event: 17335.723 GC heap after
Heap after GC invocations=118 (full 8):
 PSYoungGen      total 401920K, used 16710K [0x00000000e0000000, 0x00000000ff480000, 0x0000000100000000)
  eden space 306688K, 0% used [0x00000000e0000000,0x00000000e0000000,0x00000000f2b80000)
  from space 95232K, 17% used [0x00000000f9780000,0x00000000fa7d19f0,0x00000000ff480000)
  to   space 102912K, 0% used [0x00000000f2b80000,0x00000000f2b80000,0x00000000f9000000)
 ParOldGen       total 270336K, used 125147K [0x00000000a0000000, 0x00000000b0800000, 0x00000000e0000000)
  object space 270336K, 46% used [0x00000000a0000000,0x00000000a7a36f18,0x00000000b0800000)
 Metaspace       used 145170K, capacity 153401K, committed 153560K, reserved 1183744K
  class space    used 17988K, capacity 19382K, committed 19416K, reserved 1048576K
}
Event: 17344.613 GC heap before
{Heap before GC invocations=119 (full 8):
 PSYoungGen      total 401920K, used 323398K [0x00000000e0000000, 0x00000000ff480000, 0x0000000100000000)
  eden space 306688K, 100% used [0x00000000e0000000,0x00000000f2b80000,0x00000000f2b80000)
  from space 95232K, 17% used [0x00000000f9780000,0x00000000fa7d19f0,0x00000000ff480000)
  to   space 102912K, 0% used [0x00000000f2b80000,0x00000000f2b80000,0x00000000f9000000)
 ParOldGen       total 270336K, used 125147K [0x00000000a0000000, 0x00000000b0800000, 0x00000000e0000000)
  object space 270336K, 46% used [0x00000000a0000000,0x00000000a7a36f18,0x00000000b0800000)
 Metaspace       used 145688K, capacity 153943K, committed 154072K, reserved 1183744K
  class space    used 17990K, capacity 19383K, committed 19416K, reserved 1048576K
Event: 17344.631 GC heap after
Heap after GC invocations=119 (full 8):
 PSYoungGen      total 409600K, used 8833K [0x00000000e0000000, 0x0000000100000000, 0x0000000100000000)
  eden space 306688K, 0% used [0x00000000e0000000,0x00000000e0000000,0x00000000f2b80000)
  from space 102912K, 8% used [0x00000000f2b80000,0x00000000f34204a0,0x00000000f9000000)
  to   space 99840K, 0% used [0x00000000f9e80000,0x00000000f9e80000,0x0000000100000000)
 ParOldGen       total 270336K, used 128807K [0x00000000a0000000, 0x00000000b0800000, 0x00000000e0000000)
  object space 270336K, 47% used [0x00000000a0000000,0x00000000a7dc9c88,0x00000000b0800000)
 Metaspace       used 145688K, capacity 153943K, committed 154072K, reserved 1183744K
  class space    used 17990K, capacity 19383K, committed 19416K, reserved 1048576K
}
Event: 17357.252 GC heap before
{Heap before GC invocations=120 (full 8):
 PSYoungGen      total 409600K, used 315521K [0x00000000e0000000, 0x0000000100000000, 0x0000000100000000)
  eden space 306688K, 100% used [0x00000000e0000000,0x00000000f2b80000,0x00000000f2b80000)
  from space 102912K, 8% used [0x00000000f2b80000,0x00000000f34204a0,0x00000000f9000000)
  to   space 99840K, 0% used [0x00000000f9e80000,0x00000000f9e80000,0x0000000100000000)
 ParOldGen       total 270336K, used 128807K [0x00000000a0000000, 0x00000000b0800000, 0x00000000e0000000)
  object space 270336K, 47% used [0x00000000a0000000,0x00000000a7dc9c88,0x00000000b0800000)
 Metaspace       used 145744K, capacity 154013K, committed 154072K, reserved 1183744K
  class space    used 17990K, capacity 19384K, committed 19416K, reserved 1048576K
Event: 17357.285 GC heap after
Heap after GC invocations=120 (full 8):
 PSYoungGen      total 404992K, used 27405K [0x00000000e0000000, 0x00000000ff000000, 0x0000000100000000)
  eden space 321536K, 0% used [0x00000000e0000000,0x00000000e0000000,0x00000000f3a00000)
  from space 83456K, 32% used [0x00000000f9e80000,0x00000000fb943638,0x00000000ff000000)
  to   space 93184K, 0% used [0x00000000f3a00000,0x00000000f3a00000,0x00000000f9500000)
 ParOldGen       total 270336K, used 134284K [0x00000000a0000000, 0x00000000b0800000, 0x00000000e0000000)
  object space 270336K, 49% used [0x00000000a0000000,0x00000000a8323248,0x00000000b0800000)
 Metaspace       used 145744K, capacity 154013K, committed 154072K, reserved 1183744K
  class space    used 17990K, capacity 19384K, committed 19416K, reserved 1048576K
}
Event: 17632.121 GC heap before
{Heap before GC invocations=121 (full 8):
 PSYoungGen      total 404992K, used 348941K [0x00000000e0000000, 0x00000000ff000000, 0x0000000100000000)
  eden space 321536K, 100% used [0x00000000e0000000,0x00000000f3a00000,0x00000000f3a00000)
  from space 83456K, 32% used [0x00000000f9e80000,0x00000000fb943638,0x00000000ff000000)
  to   space 93184K, 0% used [0x00000000f3a00000,0x00000000f3a00000,0x00000000f9500000)
 ParOldGen       total 270336K, used 134284K [0x00000000a0000000, 0x00000000b0800000, 0x00000000e0000000)
  object space 270336K, 49% used [0x00000000a0000000,0x00000000a8323248,0x00000000b0800000)
 Metaspace       used 145931K, capacity 154229K, committed 154328K, reserved 1183744K
  class space    used 17990K, capacity 19384K, committed 19416K, reserved 1048576K
Event: 17632.161 GC heap after
Heap after GC invocations=121 (full 8):
 PSYoungGen      total 329728K, used 18816K [0x00000000e0000000, 0x00000000fdd80000, 0x0000000100000000)
  eden space 310784K, 0% used [0x00000000e0000000,0x00000000e0000000,0x00000000f2f80000)
  from space 18944K, 99% used [0x00000000f3a00000,0x00000000f4c600c0,0x00000000f4c80000)
  to   space 89088K, 0% used [0x00000000f8680000,0x00000000f8680000,0x00000000fdd80000)
 ParOldGen       total 270336K, used 141081K [0x00000000a0000000, 0x00000000b0800000, 0x00000000e0000000)
  object space 270336K, 52% used [0x00000000a0000000,0x00000000a89c67c8,0x00000000b0800000)
 Metaspace       used 145931K, capacity 154229K, committed 154328K, reserved 1183744K
  class space    used 17990K, capacity 19384K, committed 19416K, reserved 1048576K
}
Event: 17639.507 GC heap before
{Heap before GC invocations=122 (full 8):
 PSYoungGen      total 329728K, used 329600K [0x00000000e0000000, 0x00000000fdd80000, 0x0000000100000000)
  eden space 310784K, 100% used [0x00000000e0000000,0x00000000f2f80000,0x00000000f2f80000)
  from space 18944K, 99% used [0x00000000f3a00000,0x00000000f4c600c0,0x00000000f4c80000)
  to   space 89088K, 0% used [0x00000000f8680000,0x00000000f8680000,0x00000000fdd80000)
 ParOldGen       total 270336K, used 141081K [0x00000000a0000000, 0x00000000b0800000, 0x00000000e0000000)
  object space 270336K, 52% used [0x00000000a0000000,0x00000000a89c67c8,0x00000000b0800000)
 Metaspace       used 145955K, capacity 154293K, committed 154328K, reserved 1183744K
  class space    used 17991K, capacity 19384K, committed 19416K, reserved 1048576K
Event: 17639.621 GC heap after
Heap after GC invocations=122 (full 8):
 PSYoungGen      total 397312K, used 51722K [0x00000000e0000000, 0x0000000100000000, 0x0000000100000000)
  eden space 308224K, 0% used [0x00000000e0000000,0x00000000e0000000,0x00000000f2d00000)
  from space 89088K, 58% used [0x00000000f8680000,0x00000000fb9029e8,0x00000000fdd80000)
  to   space 91648K, 0% used [0x00000000f2d00000,0x00000000f2d00000,0x00000000f8680000)
 ParOldGen       total 270336K, used 150251K [0x00000000a0000000, 0x00000000b0800000, 0x00000000e0000000)
  object space 270336K, 55% used [0x00000000a0000000,0x00000000a92bae60,0x00000000b0800000)
 Metaspace       used 145955K, capacity 154293K, committed 154328K, reserved 1183744K
  class space    used 17991K, capacity 19384K, committed 19416K, reserved 1048576K
}

