# JRE version: OpenJDK Runtime Environment (8.0_212-b04) (build 1.8.0_212-release-1586-b04)
# Java VM: OpenJDK 64-Bit Server VM (25.212-b04 mixed mode windows-amd64 compressed oops)
Heap:
 PSYoungGen      total 420864K, used 343425K [0x00000000e0000000, 0x0000000100000000, 0x0000000100000000)
  eden space 322560K, 100% used [0x00000000e0000000,0x00000000f3b00000,0x00000000f3b00000)
  from space 98304K, 21% used [0x00000000f3b00000,0x00000000f4f60490,0x00000000f9b00000)
  to   space 95232K, 17% used [0x00000000fa300000,0x00000000fb323070,0x0000000100000000)
 ParOldGen       total 856064K, used 839551K [0x00000000a0000000, 0x00000000d4400000, 0x00000000e0000000)
  object space 856064K, 98% used [0x00000000a0000000,0x00000000d33dfc60,0x00000000d4400000)
 Metaspace       used 96392K, capacity 103174K, committed 103384K, reserved 1138688K
  class space    used 12133K, capacity 13253K, committed 13272K, reserved 1048576K
GC Heap History (10 events):
Event: 15142.105 GC heap after
Heap after GC invocations=62 (full 5):
 PSYoungGen      total 343040K, used 27046K [0x00000000e0000000, 0x00000000ff580000, 0x0000000100000000)
  eden space 315904K, 0% used [0x00000000e0000000,0x00000000e0000000,0x00000000f3480000)
  from space 27136K, 99% used [0x00000000f3480000,0x00000000f4ee9bd8,0x00000000f4f00000)
  to   space 98816K, 0% used [0x00000000f9500000,0x00000000f9500000,0x00000000ff580000)
 ParOldGen       total 274944K, used 250993K [0x00000000a0000000, 0x00000000b0c80000, 0x00000000e0000000)
  object space 274944K, 91% used [0x00000000a0000000,0x00000000af51c5e8,0x00000000b0c80000)
 Metaspace       used 96111K, capacity 102900K, committed 103128K, reserved 1138688K
  class space    used 12131K, capacity 13250K, committed 13272K, reserved 1048576K
}
Event: 15173.380 GC heap before
{Heap before GC invocations=63 (full 5):
 PSYoungGen      total 343040K, used 342950K [0x00000000e0000000, 0x00000000ff580000, 0x0000000100000000)
  eden space 315904K, 100% used [0x00000000e0000000,0x00000000f3480000,0x00000000f3480000)
  from space 27136K, 99% used [0x00000000f3480000,0x00000000f4ee9bd8,0x00000000f4f00000)
  to   space 98816K, 0% used [0x00000000f9500000,0x00000000f9500000,0x00000000ff580000)
 ParOldGen       total 274944K, used 250993K [0x00000000a0000000, 0x00000000b0c80000, 0x00000000e0000000)
  object space 274944K, 91% used [0x00000000a0000000,0x00000000af51c5e8,0x00000000b0c80000)
 Metaspace       used 96241K, capacity 103028K, committed 103128K, reserved 1138688K
  class space    used 12131K, capacity 13250K, committed 13272K, reserved 1048576K
Event: 15173.401 GC heap after
Heap after GC invocations=63 (full 5):
 PSYoungGen      total 420352K, used 29988K [0x00000000e0000000, 0x0000000100000000, 0x0000000100000000)
  eden space 321536K, 0% used [0x00000000e0000000,0x00000000e0000000,0x00000000f3a00000)
  from space 98816K, 30% used [0x00000000f9500000,0x00000000fb249288,0x00000000ff580000)
  to   space 93184K, 0% used [0x00000000f3a00000,0x00000000f3a00000,0x00000000f9500000)
 ParOldGen       total 274944K, used 251089K [0x00000000a0000000, 0x00000000b0c80000, 0x00000000e0000000)
  object space 274944K, 91% used [0x00000000a0000000,0x00000000af534608,0x00000000b0c80000)
 Metaspace       used 96241K, capacity 103028K, committed 103128K, reserved 1138688K
  class space    used 12131K, capacity 13250K, committed 13272K, reserved 1048576K
}
Event: 15262.442 GC heap before
{Heap before GC invocations=64 (full 5):
 PSYoungGen      total 420352K, used 351524K [0x00000000e0000000, 0x0000000100000000, 0x0000000100000000)
  eden space 321536K, 100% used [0x00000000e0000000,0x00000000f3a00000,0x00000000f3a00000)
  from space 98816K, 30% used [0x00000000f9500000,0x00000000fb249288,0x00000000ff580000)
  to   space 93184K, 0% used [0x00000000f3a00000,0x00000000f3a00000,0x00000000f9500000)
 ParOldGen       total 274944K, used 251089K [0x00000000a0000000, 0x00000000b0c80000, 0x00000000e0000000)
  object space 274944K, 91% used [0x00000000a0000000,0x00000000af534608,0x00000000b0c80000)
 Metaspace       used 96294K, capacity 103092K, committed 103128K, reserved 1138688K
  class space    used 12131K, capacity 13250K, committed 13272K, reserved 1048576K
Event: 15262.465 GC heap after
Heap after GC invocations=64 (full 5):
 PSYoungGen      total 414720K, used 28210K [0x00000000e0000000, 0x00000000ff180000, 0x0000000100000000)
  eden space 321536K, 0% used [0x00000000e0000000,0x00000000e0000000,0x00000000f3a00000)
  from space 93184K, 30% used [0x00000000f3a00000,0x00000000f558cbc8,0x00000000f9500000)
  to   space 88576K, 0% used [0x00000000f9b00000,0x00000000f9b00000,0x00000000ff180000)
 ParOldGen       total 274944K, used 251177K [0x00000000a0000000, 0x00000000b0c80000, 0x00000000e0000000)
  object space 274944K, 91% used [0x00000000a0000000,0x00000000af54a618,0x00000000b0c80000)
 Metaspace       used 96294K, capacity 103092K, committed 103128K, reserved 1138688K
  class space    used 12131K, capacity 13250K, committed 13272K, reserved 1048576K
}
Event: 15266.419 GC heap before
{Heap before GC invocations=65 (full 5):
 PSYoungGen      total 414720K, used 349726K [0x00000000e0000000, 0x00000000ff180000, 0x0000000100000000)
  eden space 321536K, 99% used [0x00000000e0000000,0x00000000f39fad80,0x00000000f3a00000)
  from space 93184K, 30% used [0x00000000f3a00000,0x00000000f558cbc8,0x00000000f9500000)
  to   space 88576K, 0% used [0x00000000f9b00000,0x00000000f9b00000,0x00000000ff180000)
 ParOldGen       total 274944K, used 251177K [0x00000000a0000000, 0x00000000b0c80000, 0x00000000e0000000)
  object space 274944K, 91% used [0x00000000a0000000,0x00000000af54a618,0x00000000b0c80000)
 Metaspace       used 96317K, capacity 103092K, committed 103128K, reserved 1138688K
  class space    used 12131K, capacity 13250K, committed 13272K, reserved 1048576K
Event: 15266.563 GC heap after
Heap after GC invocations=65 (full 5):
 PSYoungGen      total 411136K, used 75267K [0x00000000e0000000, 0x0000000100000000, 0x0000000100000000)
  eden space 322560K, 0% used [0x00000000e0000000,0x00000000e0000000,0x00000000f3b00000)
  from space 88576K, 84% used [0x00000000f9b00000,0x00000000fe480cc0,0x00000000ff180000)
  to   space 98304K, 0% used [0x00000000f3b00000,0x00000000f3b00000,0x00000000f9b00000)
 ParOldGen       total 274944K, used 256696K [0x00000000a0000000, 0x00000000b0c80000, 0x00000000e0000000)
  object space 274944K, 93% used [0x00000000a0000000,0x00000000afaae1a0,0x00000000b0c80000)
 Metaspace       used 96317K, capacity 103092K, committed 103128K, reserved 1138688K
  class space    used 12131K, capacity 13250K, committed 13272K, reserved 1048576K
}
Event: 15276.967 GC heap before
{Heap before GC invocations=66 (full 5):
 PSYoungGen      total 411136K, used 397825K [0x00000000e0000000, 0x0000000100000000, 0x0000000100000000)
  eden space 322560K, 99% used [0x00000000e0000000,0x00000000f3affac8,0x00000000f3b00000)
  from space 88576K, 84% used [0x00000000f9b00000,0x00000000fe480cc0,0x00000000ff180000)
  to   space 98304K, 0% used [0x00000000f3b00000,0x00000000f3b00000,0x00000000f9b00000)
 ParOldGen       total 274944K, used 256696K [0x00000000a0000000, 0x00000000b0c80000, 0x00000000e0000000)
  object space 274944K, 93% used [0x00000000a0000000,0x00000000afaae1a0,0x00000000b0c80000)
 Metaspace       used 96352K, capacity 103156K, committed 103384K, reserved 1138688K
  class space    used 12131K, capacity 13250K, committed 13272K, reserved 1048576K
Event: 15276.990 GC heap after
Heap after GC invocations=66 (full 5):
 PSYoungGen      total 420864K, used 20865K [0x00000000e0000000, 0x0000000100000000, 0x0000000100000000)
  eden space 322560K, 0% used [0x00000000e0000000,0x00000000e0000000,0x00000000f3b00000)
  from space 98304K, 21% used [0x00000000f3b00000,0x00000000f4f60490,0x00000000f9b00000)
  to   space 95232K, 0% used [0x00000000fa300000,0x00000000fa300000,0x0000000100000000)
 ParOldGen       total 274944K, used 257921K [0x00000000a0000000, 0x00000000b0c80000, 0x00000000e0000000)
  object space 274944K, 93% used [0x00000000a0000000,0x00000000afbe04e0,0x00000000b0c80000)
 Metaspace       used 96352K, capacity 103156K, committed 103384K, reserved 1138688K
  class space    used 12131K, capacity 13250K, committed 13272K, reserved 1048576K
}
Event: 15701.568 GC heap before
{Heap before GC invocations=67 (full 5):
 PSYoungGen      total 420864K, used 343425K [0x00000000e0000000, 0x0000000100000000, 0x0000000100000000)
  eden space 322560K, 100% used [0x00000000e0000000,0x00000000f3b00000,0x00000000f3b00000)
  from space 98304K, 21% used [0x00000000f3b00000,0x00000000f4f60490,0x00000000f9b00000)
  to   space 95232K, 0% used [0x00000000fa300000,0x00000000fa300000,0x0000000100000000)
 ParOldGen       total 274944K, used 257921K [0x00000000a0000000, 0x00000000b0c80000, 0x00000000e0000000)
  object space 274944K, 93% used [0x00000000a0000000,0x00000000afbe04e0,0x00000000b0c80000)
 Metaspace       used 96392K, capacity 103174K, committed 103384K, reserved 1138688K
  class space    used 12133K, capacity 13253K, committed 13272K, reserved 1048576K

